рҹҺ¬ м •ліҙм„ұ мҳҒмғҒ: output/reels/info-2026-05-14-iphone-battery-swollen.mp4 (4.6MB)
рҹ“қ мәЎм…ҳ: output/reels/info-2026-05-14-iphone-battery-swollen.txt
рҹ”Һ кІҖмғү мқёлҚұмҠӨ мһ¬мғқм„ұ мӨ‘...
вң“ кІҖмғү лҚ°мқҙн„° мғқм„ұ: 840к°ң кёҖ вҶ’ search-data.js (461,972 bytes)
рҹ“Ұ dist/ нҸҙлҚ” мғқм„ұ мӨ‘...
рҹ“ё Reel мҳҒмғҒ °ңлҘј dist/_reels/лЎң нҳёмҠӨнҢ…
рҹ“І Reel н—ҲлёҢ: dist/_reels/index.html (11к°ң мҳҒмғҒ)
вң… dist/ мғқм„ұ мҷ„лЈҢ: 1768 нҢҢмқј, 547M
рҹ“ҡ мҳӨлҠҳмқҳ м •ліҙм„ұ Reel #02: л°°н„°лҰ¬ л¶Җн’ҖмқҢ мқ‘кёү (iphone-battery-swollen)
вң… мҳҒмғҒ мғқм„ұ мҷ„лЈҢ вҖ” output/reels/

рҹҡҖ л№Ңл“ң + push мһҗлҸҷ м§„н–ү мӨ‘...
вң… лӘЁл“  мһ‘м—… мҷ„лЈҢ вҖ” нңҙлҢҖнҸ° н—ҲлёҢм—җм„ң нҷ•мқё к°ҖлҠҘ
рҹҺ¬ м •ліҙм„ұ мҳҒмғҒ: output/reels/info-2026-05-15-warranty-free-vs-paid-repair.mp4 (6.6MB)
рҹ“қ мәЎм…ҳ: output/reels/info-2026-05-15-warranty-free-vs-paid-repair.txt
рҹҺ¬ м •ліҙм„ұ мҳҒмғҒ: output/reels/info-2026-05-15-credit-card-phone-insurance-claim.mp4 (6.5MB)
рҹ“қ мәЎм…ҳ: output/reels/info-2026-05-15-credit-card-phone-insurance-claim.txt
рҹ”Һ кІҖмғү мқёлҚұмҠӨ мһ¬мғқм„ұ мӨ‘...
вң“ кІҖмғү лҚ°мқҙн„° мғқм„ұ: 873к°ң кёҖ вҶ’ search-data.js (481,712 bytes)
рҹ“Ұ dist/ нҸҙлҚ” мғқм„ұ мӨ‘...
рҹ“ё Reel мҳҒмғҒ °ңлҘј dist/_reels/лЎң нҳёмҠӨнҢ…
рҹ“І Reel н—ҲлёҢ: dist/_reels/index.html (63к°ң мҳҒмғҒ)
рҹ“¬ мәҗлҹ¬м…Җ 5к°ңлҘј dist/_carousels/лЎң нҳёмҠӨнҢ…
рҹ“І мәҗлҹ¬м…Җ н—ҲлёҢ: dist/_carousels/index.html (5к°ң мӢңлҰ¬мҰҲ)
вң… dist/ мғқм„ұ мҷ„лЈҢ: 2078 нҢҢмқј, 844M

рҹ”Һ кІҖмғүм—”м§„ мғүмқё мһҗлҸҷ мҡ”мІӯ мӨ‘...
   /Users/richgeum/Library/Python/3.9/lib/python/site-packages/google/api_core/_python_version_support.py:242: FutureWarning: You are using a non-supported Python version (3.9.6). Google will not post any further updates to google.api_core supporting this Python version. Please upgrade to the latest Python version, or at least Python 3.10, and then update google.api_core.
     warnings.warn(message, FutureWarning)
   /Users/richgeum/Library/Python/3.9/lib/python/site-packages/google/auth/__init__.py:54: FutureWarning: You are using a Python version 3.9 past its end of life. Google will update google-auth with critical bug fixes on a best-effort basis, but not with any other fixes or features. Please upgrade your Python version, and then update google-auth.
     warnings.warn(eol_message.format("3.9"), FutureWarning)
   /Users/richgeum/Library/Python/3.9/lib/python/site-packages/google/oauth2/__init__.py:40: FutureWarning: You are using a Python version 3.9 past its end of life. Google will update google-auth with critical bug fixes on a best-effort basis, but not with any other fixes or features. Please upgrade your Python version, and then update google-auth.
     warnings.warn(eol_message.format("3.9"), FutureWarning)
   /Users/richgeum/Library/Python/3.9/lib/python/site-packages/urllib3/__init__.py:35: NotOpenSSLWarning: urllib3 v2 only supports OpenSSL 1.1.1+, currently the 'ssl' module is compiled with 'LibreSSL 2.8.3'. See: https://github.com/urllib3/urllib3/issues/3020
     warnings.warn(
   
   рҹ“Ө мғүмқё мҡ”мІӯ мӢңмһ‘ вҖ” sitemap м „мІҙ 715к°ң
      нҳёмҠӨнҠё: xn--2j1bq2k97kxnah86c.com
   
   [1/2] IndexNow (NaverВ·YandexВ·Bing)
     вң“ IndexNow: 715к°ң мғүмқё мҡ”мІӯ мҷ„лЈҢ (HTTP 202)
   
   [2/2] Google Indexing API
     вҶі мқҙлҜё л“ұлЎқлҗЁ (lastmod лҸҷмқј) м ңмҷё: 200к°ң
     вң“ Google Indexing API: мғҲлЎң л“ұлЎқн•  URL м—ҶмқҢ (м „мІҙ 200к°ң лӘЁл‘җ л“ұлЎқлҗЁ)
   
   вң“ мғүмқё мҡ”мІӯ мҷ„лЈҢ
   
   рҹ“Ң л„ӨмқҙлІ„ м„ңм№ҳм–ҙл“ңл°”мқҙм Җ: sitemap.xml мһҗлҸҷ л°ңкІ¬ + мҲҳлҸҷ мғүмқё мҡ”мІӯ 50к°ң/мқј к¶ҢмһҘ
