📂 Drive 크롤링 시작 (root=1-JNrAO3m4x3OaYbA0NlJT5tWvbmypLbn)
   ✓ 지점 발견: ['신림점', '목동점', '가산점']
   ✓ 날짜 폴더 57개 발견
   ✓ 케이스 폴더 총 111개
   ✓ 중복 제거 후 95개 (제거: 16)
   🚫 차단 목록: 1개 케이스
   🔍 후보 풀 60개 처리 시작
   ⏭️  [1] 빈 폴더: 애플워치 Apple Watch SE (1세대) screen
   ✓ case-1 (19YA6zSn4Y...): 애플워치 Apple Watch SE (2세대) (screen) — 캐시 사용
   ✓ case-2 (1Y5Bwg_Lm4...): 아이패드 iPad Pro 11인치 (2세대) (screen) — 캐시 사용
   ✓ case-3 (1xxCt-YZ0x...): 아이폰 iPhone XR (screen) — 캐시 사용
   ✓ case-4 (1P3hcrr2N9...): 아이폰 iPhone 13 Pro (screen) — 캐시 사용
   ✓ case-5 (11Ntl7my10...): 아이폰 iPhone 13 (screen+battery) — 캐시 사용
   ✓ case-6 (1camNuifEy...): 아이폰 iPhone 15 Pro (screen) — 캐시 사용
   ✓ case-7 (1pHB98EyRJ...): 아이폰 17프로 (screen) — 캐시 사용
   ✓ case-8 (1z7zT5JRCw...): 아이폰 iPhone 11 (screen) — 캐시 사용
   ✓ case-9 (1SF2kXMSdt...): 아이폰 13 (screen) — 캐시 사용
   ✓ case-10 (1osELxQatz...): 아이폰 17프로 (screen) — 캐시 사용
   ✓ case-11 (1OyrzlRPy-...): 아이폰 15프로 (screen) — 캐시 사용
   ✓ case-12 (14mAIBCvXm...): 아이폰 16 (screen) — 캐시 사용
   ✓ case-13 (1Cc9oGIuwe...): 아이폰 14프로 (back) — 캐시 사용
   ✓ case-14 (1Vv7RtlP0n...): 아이폰 12프로 (back) — 캐시 사용
   ⏭️  스킵 (안전한 사진 짝 없음): 아이폰 6s screen+battery
   ✓ case-15 (1f2FXtA6qB...): 아이폰 15프로 (back) — 캐시 사용
   ✓ case-16 (1Qr6LX9HuV...): 아이폰 16프로 (screen+back) — 캐시 사용
   ✓ case-17 (1NVppdC5tP...): 아이폰 12 (back) — 캐시 사용
   ⏭️  스킵 (안전한 사진 짝 없음): 애플워치 SE2 40mm screen+battery
   ✓ case-18 (11Ceo0pEjU...): 아이폰 16프로 (screen) — 캐시 사용
   ✓ case-19 (1vyc6Fljaz...): 아이폰 14프로 (back) — 캐시 사용
   ⏭️  스킵 (안전한 사진 짝 없음): 아이폰 12프로 back
   ⏭️  스킵 (안전한 사진 짝 없음): 애플워치 Se40 screen+battery
   ✓ case-20 (1lOmdLXI-z...): 아이폰 11 (screen) — 캐시 사용
   ✓ case-21 (1U3GDVjv89...): 아이폰 15 (back) — 캐시 사용
   ⏭️  스킵 (안전한 사진 짝 없음): 애플워치 10 42 screen
   ✓ case-22 (1fBI5NGpXK...): 아이폰 13미니 (back) — 캐시 사용
   ✓ case-23 (1YTvaa_Lzy...): 아이폰 12프로맥스 (screen) — 캐시 사용
   ⏭️  스킵 (안전한 사진 짝 없음): 애플워치 Se2 40 screen
   ⏭️  스킵 (안전한 사진 짝 없음): 애플워치 SE2 40mm screen
   ✓ case-24 (1ybYHdi_ue...): 에르메스 5세대 44mm (screen+battery) — 캐시 사용
   ✓ case-25 (1izFb94bU4...): 아이폰 15PLUS (back) — 캐시 사용
   ⏭️  스킵 (안전한 사진 짝 없음): 6 40mm 에르메스 screen
   ⚠️ [35] 알 수 없는 오류: 아이폰 6 screen — timeout: The read operation timed out
   ⚠️ [36] 알 수 없는 오류: 아이폰7 screen — ConnectionResetError: [Errno 54] Connection reset by peer
   ⏭️  스킵 (안전한 사진 짝 없음): 아이폰 15프로 back
   ⏭️  스킵 (안전한 사진 짝 없음): 애플워치 Apple Watch Series 8 (45mm) sensor
   🤖 Vision 분석: 수리후_수리부위_1541_30대여_배터리교체_배터리팽창_초수리.jpg → 아닌 사진
   🤖 Vision 분석: 수리후_작동화면_1541_30대여_배터리교체_배터리팽창_초수리.jpg → 아닌 사진
   ✓ case-26 (19FiLwNRNJ...): 애플워치 Apple Watch Series 3 (38mm) (battery) — 캐시 사용
   ⏭️  스킵 (안전한 사진 짝 없음): 아이폰 iPhone 13 Pro battery
   ✓ case-27 (1bQZRNi2f-...): 아이폰 iPhone 14 (camera) — 캐시 사용
   ✓ case-28 (1Zo1BU6UtY...): 아이폰 iPhone 15 Pro Max (battery) — 캐시 사용
   ⏭️  스킵 (안전한 사진 짝 없음): 애플워치 Apple Watch Series 4 (44mm) battery
   ✓ case-29 (1eip1zDMQW...): 애플워치 Apple Watch SE (1세대) (battery) — 캐시 사용
   ✓ case-30 (1bGWXkRJIO...): 애플워치 Apple Watch SE (1세대) (battery) — 캐시 사용
   ✓ case-31 (1aZStHuKPZ...): 애플워치 Apple Watch Series 10 (42mm) (cable+screen) — 캐시 사용
   ✓ case-32 (1ChixQPswC...): 아이폰 iPhone 14 Pro (battery) — 캐시 사용
   ✓ case-33 (1x798OZw1O...): 아이폰 iPhone 16 Pro Max (charge) — 캐시 사용
   ✓ case-34 (1AoOnJZgAE...): 아이폰 iPhone 12 Pro (battery) — 캐시 사용
   ✓ case-35 (11BNtH7gTd...): 애플워치 Apple Watch SE (2세대) (sensor) — 캐시 사용
   ✓ case-36 (1zlcqZigVM...): 애플워치 5 44mm (battery) — 캐시 사용
   ✓ case-37 (1SfOeD-D9O...): 애플워치 Apple Watch SE (2세대) (battery) — 캐시 사용
   ✓ case-38 (1LZ8-mdkkT...): 아이폰 iPhone 13 Pro (mute) — 캐시 사용
   ✓ case-39 (1DBkRFtCFM...): 아이폰 iPhone X (battery) — 캐시 사용
   ✓ case-40 (13U0ly-iPh...): 아이폰 iPhone 14 Pro (back+battery) — 캐시 사용
   ✓ case-41 (1eGfabMe--...): 애플워치 Apple Watch SE (2세대) (battery) — 캐시 사용
   ✓ case-42 (1iXABiV6sT...): 아이폰 iPhone 13 Pro Max (back+battery) — 캐시 사용
   ⏭️  스킵 (안전한 사진 짝 없음): 애플워치 Se2 battery
   ✓ case-43 (1im7V3yy-v...): 아이폰 13미니 (battery) — 캐시 사용
   ✓ case-44 (1vFX-wUWX_...): 아이패드 미니6 (charge) — 캐시 사용
   ⚠️ Drive에서 안 보이는 폴더 15개 — 자동 삭제 X (SAFE MODE)
      · 19Ek3Abh0X77oY0WWJtBjDuO
      · 1DLJIHqBBJReHkfyuGyt8QRU
      · 1bdNyoxif9BBqw8f53pwjRE3
      · 1CU7VD5ld1RpZ2lOBDhtYwmR
      · 1FOnkpJ-X5f-XkBm8A9IrCPb
      ... 외 10개
   ℹ️ 진짜 삭제 원하면: PRUNE_AGGRESSIVE=1 python3 scripts/update_repair_stats.py
   🎬 슬라이더: 사장님 명시 4건 + 자동 채움 → 총 4건

✅ 저장 완료: /Users/richgeum/Desktop/다올리페어 홈페이지/data/repair-stats.json
   배수 적용: ×2 (사진 업로드율 50% 추정)
   누적 수리: 11,642건 (베이스라인 11,452 + 추적 95 × 2)
     · 가산점: 5,885건
     · 신림점: 5,244건
     · 목동점: 513건
   오늘: 6건 · 이번 주: 53건 · 이번 달: 137건
   슬라이더 케이스: 4개 / 포트폴리오 전체: 44개
📂 케이스 44개 / 기존 일지 58편
   ⏭️  type 일반('수리') 스킵: 애플워치 Apple Watch Series 10 (42mm) (case-31)
   ⏭️  type 일반('수리') 스킵: 아이폰 iPhone 13 Pro (case-38)

✅ 신규 일지 0편 생성 / 누적 58편
   📋 인덱스: data/journal-index.json
   📑 articles/index.html — 수리 일지 탭 + 58개 카드 자동 등록
   📋 articles/journal.html — 일지 전용 페이지 (58편) 생성
📂 Drive 크롤링 시작 (root=1-JNrAO3m4x3OaYbA0NlJT5tWvbmypLbn)
   ✓ 지점 발견: ['신림점', '목동점', '가산점']
   ✓ 날짜 폴더 60개 발견
