BA Reel 재빌드 시작 — 2026-05-16 23:15:35
대상: 62편

✅ [ 1/62] journal-2026-04-17-에르메스-5세대-44mm-screen+battery-1ybYHdi_  (50s)
✅ [ 2/62] journal-2026-04-16-아이폰-6-screen-13Qv_rnP  (61s)
✅ [ 3/62] journal-2026-04-15-아이폰7-screen-1l_qsfwc  (61s)
✅ [ 4/62] journal-2026-04-17-아이폰-15plus-back-1izFb94b  (62s)
✅ [ 5/62] journal-2026-04-18-아이폰-12프로맥스-screen-1YTvaa_L  (111s)
✅ [ 6/62] journal-2026-04-18-아이폰-13미니-back-1fBI5NGp  (121s)
✅ [ 7/62] journal-2026-04-20-아이폰-15-back-1U3GDVjv  (122s)
✅ [ 8/62] journal-2026-04-24-아이폰-11-screen-1lOmdLXI  (124s)
✅ [ 9/62] journal-2026-04-24-아이폰-13미니-battery-1aqhzjZv  (162s)
✅ [10/62] journal-2026-04-24-아이폰-14프로-battery-19Ek3Abh  (171s)
✅ [11/62] journal-2026-04-24-아이폰-se2-battery-1g-4Xu6x  (183s)
✅ [12/62] journal-2026-04-25-아이폰-13미니-battery-17S150oq  (185s)
✅ [13/62] journal-2026-04-27-아이폰-15프로-battery-1txy7HZ2  (222s)
✅ [14/62] journal-2026-04-27-아이폰-14프로-back-1vyc6Flj  (222s)
✅ [15/62] journal-2026-04-28-아이폰-16프로-screen-11Ceo0pE  (242s)
✅ [16/62] journal-2026-04-28-애플워치-se2-40mm-battery-1FOnkpJ  (245s)
✅ [17/62] journal-2026-04-29-아이폰-xs-max-battery-1DLJIHqB  (272s)
✅ [18/62] journal-2026-04-29-아이폰-12-back-1NVppdC5  (284s)
✅ [19/62] journal-2026-04-29-애플워치-se-40mm-battery-1c74rh7i  (292s)
✅ [20/62] journal-2026-04-30-아이폰-15프로-battery-1HkvVe9s  (305s)
✅ [21/62] journal-2026-04-30-아이폰-16프로-screen+back-1Qr6LX9H  (333s)
✅ [22/62] journal-2026-05-01-아이폰-15프로-back-1f2FXtA6  (343s)
✅ [23/62] journal-2026-04-30-애플워치-se2-40mm-battery-1jbdaG3N  (344s)
✅ [24/62] journal-2026-05-04-아이폰-12미니-battery-1CU7VD5l  (367s)
✅ [25/62] journal-2026-05-04-아이폰-12프로-back-1Vv7RtlP  (383s)
✅ [26/62] journal-2026-05-04-아이폰-15프로-battery-1P0o4qDL  (394s)
✅ [27/62] journal-2026-05-05-아이폰6s-battery-1bdNyoxi  (405s)
✅ [28/62] journal-2026-05-06-아이패드-미니6-charge-1vFX-wUW  (418s)
✅ [29/62] journal-2026-05-06-아이폰-14프로-back-1Cc9oGIu  (435s)
✅ [30/62] journal-2026-05-06-아이폰-16-screen-14mAIBCv  (455s)
✅ [31/62] journal-2026-05-08-아이폰-13미니-battery-1im7V3yy  (468s)
✅ [32/62] journal-2026-05-07-아이폰-15프로-screen-1OyrzlRP  (468s)
✅ [33/62] journal-2026-05-08-아이폰-17프로-screen-1osELxQa  (494s)
✅ [34/62] journal-2026-05-09-아이폰-13-screen-1SF2kXMS  (515s)
✅ [35/62] journal-2026-05-09-아이폰-iphone-11-screen-1z7zT5JR  (530s)
✅ [36/62] journal-2026-05-09-아이폰-iphone-13-pro-max-back-1iXABiV6  (531s)
✅ [37/62] journal-2026-05-09-아이폰-iphone-14-pro-back-13U0ly-i  (545s)
✅ [38/62] journal-2026-05-09-아이폰-iphone-x-battery-1DBkRFtC  (566s)
✅ [39/62] journal-2026-05-09-애플워치-apple-watch-se-2세대-battery-1eGfabMe  (581s)
✅ [40/62] journal-2026-05-11-아이폰-17프로-screen-1pHB98Ey  (582s)
✅ [41/62] journal-2026-05-11-아이폰-iphone-13-pro-speaker-1LZ8-mdk  (598s)
✅ [42/62] journal-2026-05-11-아이폰-iphone-15-pro-screen-1camNuif  (618s)
✅ [43/62] journal-2026-05-12-아이패드-ipad-pro-11인치-2세대-screen-1Y5Bwg_L  (633s)
✅ [44/62] journal-2026-05-12-아이폰-iphone-13-pro-screen-1P3hcrr2  (634s)
✅ [45/62] journal-2026-05-12-아이폰-iphone-13-screen+battery-11Ntl7my  (650s)
✅ [46/62] journal-2026-05-12-아이폰-iphone-14-pro-battery-1ChixQPs  (679s)
✅ [47/62] journal-2026-05-12-아이폰-iphone-16-pro-max-charge-1x798OZw  (692s)
✅ [48/62] journal-2026-05-12-아이폰-iphone-xr-screen-1xxCt-YZ  (696s)
✅ [49/62] journal-2026-05-12-애플워치-5-44mm-battery-1zlcqZig  (711s)
✅ [50/62] journal-2026-05-12-애플워치-apple-watch-se-1세대-battery-1bGWXkRJ  (730s)
✅ [51/62] journal-2026-05-12-애플워치-apple-watch-se-2세대-back-11BNtH7g  (743s)
✅ [52/62] journal-2026-05-12-애플워치-apple-watch-se-2세대-battery-1SfOeD-D  (746s)
✅ [53/62] journal-2026-05-13-애플워치-apple-watch-se-1세대-battery-1eip1zDM  (762s)
✅ [54/62] journal-2026-05-13-애플워치-apple-watch-se-2세대-screen-19YA6zSn  (780s)
✅ [55/62] journal-2026-05-14-아이폰-iphone-14-camera-1bQZRNi2  (793s)
✅ [56/62] journal-2026-05-14-아이폰-iphone-15-pro-max-battery-1Zo1BU6U  (807s)
✅ [57/62] journal-2026-05-14-애플워치-apple-watch-series-3-38mm-battery-19FiLwNR  (823s)
✅ [58/62] journal-2026-05-15-아이폰-iphone-13-battery-18X9B-rG  (841s)
✅ [59/62] journal-2026-05-15-아이폰-iphone-13-battery-1CH0oLAR  (845s)
✅ [60/62] journal-2026-05-15-애플워치-apple-watch-se-1세대-battery-1vpx9NKK  (855s)
✅ [61/62] journal-2026-05-16-아이폰-iphone-13-pro-battery-1L5fUo13  (868s)
✅ [62/62] journal-2026-05-16-아이폰-iphone-17-back-1m-Gla8u  (880s)

완료 — 성공 62 · 실패 0 · 총 14.7분
